<?xml version="1.0" encoding="UTF-8"?>
<!-- Generated by org.testng.reporters.JUnitReportReporter -->
<testsuite hostname="lenovo-PC" name="demo.MavenTest" tests="1" failures="0" timestamp="26 May 2018 09:10:23 GMT" time="21.420" errors="0">
  <testcase name="m1" time="21.420" classname="demo.MavenTest"/>
</testsuite> <!-- demo.MavenTest -->
