<?xml version="1.0" encoding="UTF-8"?>
<!-- Generated by org.testng.reporters.JUnitReportReporter -->
<testsuite hostname="lenovo-PC" name="demo.MavenTest" tests="1" failures="0" timestamp="26 May 2018 09:31:57 GMT" time="104.068" errors="0">
  <testcase name="m1" time="104.068" classname="demo.MavenTest"/>
</testsuite> <!-- demo.MavenTest -->
